Running ablation=wd_1e-4 seed=42
Fri Jan 30 15:36:33 2026       
+-----------------------------------------------------------------------------------------+
| NVIDIA-SMI 570.124.06             Driver Version: 570.124.06     CUDA Version: 12.8     |
|-----------------------------------------+------------------------+----------------------+
| GPU  Name                 Persistence-M | Bus-Id          Disp.A | Volatile Uncorr. ECC |
| Fan  Temp   Perf          Pwr:Usage/Cap |           Memory-Usage | GPU-Util  Compute M. |
|                                         |                        |               MIG M. |
|=========================================+========================+======================|
|   0  Quadro RTX 6000                On  |   00000000:41:00.0 Off |                    0 |
| N/A   30C    P8             23W /  250W |       3MiB /  23040MiB |      0%      Default |
|                                         |                        |                  N/A |
+-----------------------------------------+------------------------+----------------------+
|   1  Quadro RTX 6000                On  |   00000000:C1:00.0 Off |                    0 |
| N/A   26C    P8             20W /  250W |       3MiB /  23040MiB |      0%      Default |
|                                         |                        |                  N/A |
+-----------------------------------------+------------------------+----------------------+
                                                                                         
+-----------------------------------------------------------------------------------------+
| Processes:                                                                              |
|  GPU   GI   CI              PID   Type   Process name                        GPU Memory |
|        ID   ID                                                               Usage      |
|=========================================================================================|
|  No running processes found                                                             |
+-----------------------------------------------------------------------------------------+
ONLINE DI SUMMARY
  ACC: 0.7630
  BWT: 0.0382
  FWT: 0.1799

Saved all outputs to: outputs/online_wd_1e-4_seed42_20260130_153639
