Running ablation=baseline seed=42
Thu Jan 29 18:59:06 2026       
+-----------------------------------------------------------------------------------------+
| NVIDIA-SMI 570.124.04             Driver Version: 570.124.04     CUDA Version: 12.8     |
|-----------------------------------------+------------------------+----------------------+
| GPU  Name                 Persistence-M | Bus-Id          Disp.A | Volatile Uncorr. ECC |
| Fan  Temp   Perf          Pwr:Usage/Cap |           Memory-Usage | GPU-Util  Compute M. |
|                                         |                        |               MIG M. |
|=========================================+========================+======================|
|   0  Quadro RTX 6000                On  |   00000000:41:00.0 Off |                    0 |
| N/A   66C    P0            186W /  250W |   15579MiB /  23040MiB |    100%      Default |
|                                         |                        |                  N/A |
+-----------------------------------------+------------------------+----------------------+
|   1  Quadro RTX 6000                On  |   00000000:C1:00.0 Off |                    0 |
| N/A   25C    P8             12W /  250W |       3MiB /  23040MiB |      0%      Default |
|                                         |                        |                  N/A |
+-----------------------------------------+------------------------+----------------------+
                                                                                         
+-----------------------------------------------------------------------------------------+
| Processes:                                                                              |
|  GPU   GI   CI              PID   Type   Process name                        GPU Memory |
|        ID   ID                                                               Usage      |
|=========================================================================================|
|    0   N/A  N/A          770074      C   /opt/conda/bin/python3                15554MiB |
+-----------------------------------------------------------------------------------------+
ONLINE DI SUMMARY
  ACC: 0.7596
  BWT: 0.0330
  FWT: 0.1774

Saved all outputs to: outputs/online_baseline_seed42_20260129_185913
